2025-10-19T18:40:34.001 INFO (pid:29400) - Use the JDK from 'PATH' as the initial default project JDK.
2025-10-19T18:40:34.008 INFO (pid:29400) - Server configured with the following runtimes: []
2025-10-19T18:40:34.080 INFO (pid:29400) - Starting server with lombok support /home/zaki/.config/coc/extensions/node_modules/coc-java/server/lombok.jar
2025-10-19T18:40:34.095 INFO (pid:29400) - Starting Java server with: /home/zaki/.config/coc/extensions/coc-java-data/jdk-23.0.2-linux-x64/bin/java --add-modules=ALL-SYSTEM --add-opens java.base/java.util=ALL-UNNAMED --add-opens java.base/java.lang=ALL-UNNAMED --add-opens java.base/sun.nio.fs=ALL-UNNAMED -Declipse.application=org.eclipse.jdt.ls.core.id1 -Dosgi.bundles.defaultStartLevel=4 -Declipse.product=org.eclipse.jdt.ls.core.product -Djava.import.generatesMetadataFilesAtProjectRoot=false -Dfile.encoding=UTF-8 -XX:+UseParallelGC -XX:GCTimeRatio=4 -XX:AdaptiveSizePolicyWeight=90 -Dsun.zip.disableMemoryMapping=true -Xmx1G -Xms100m -Xlog:disable -javaagent:/home/zaki/.config/coc/extensions/node_modules/coc-java/server/lombok.jar -XX:+HeapDumpOnOutOfMemoryError -XX:HeapDumpPath=/home/zaki/.config/coc/extensions/coc-java-data -jar /home/zaki/.config/coc/extensions/node_modules/coc-java/server/plugins/org.eclipse.equinox.launcher_1.6.1000.v20250131-0606.jar -configuration /home/zaki/.config/coc/extensions/coc-java-data/1.26.1/config_linux -data /home/zaki/.config/coc/extensions/coc-java-data/jdt_ws_73e5295f282a68ef107f85a997380c6b
2025-10-19T18:40:36.205 INFO (pid:29400) - [Stderr - 6:40:36 PM] Oct 19, 2025 6:40:36 PM org.apache.aries.spifly.BaseActivator log
2025-10-19T18:40:36.205 INFO (pid:29400) - [Stderr - 6:40:36 PM] INFO: Registered provider ch.qos.logback.classic.servlet.LogbackServletContainerInitializer of service jakarta.servlet.ServletContainerInitializer in bundle ch.qos.logback.classic
2025-10-19T18:40:36.206 INFO (pid:29400) - [Stderr - 6:40:36 PM] Oct 19, 2025 6:40:36 PM org.apache.aries.spifly.BaseActivator log
2025-10-19T18:40:36.206 INFO (pid:29400) - [Stderr - 6:40:36 PM] INFO: Registered provider ch.qos.logback.classic.spi.LogbackServiceProvider of service org.slf4j.spi.SLF4JServiceProvider in bundle ch.qos.logback.classic
2025-10-19T18:40:46.055 INFO (pid:29400) - [Stderr - 6:40:46 PM] Oct 19, 2025 6:40:46 PM org.eclipse.lsp4j.jsonrpc.RemoteEndpoint handleCancellation
2025-10-19T18:40:46.055 INFO (pid:29400) - [Stderr - 6:40:46 PM] WARNING: Unmatched cancel notification for request id 1
2025-10-19T18:40:46.208 INFO (pid:29400) - [Stderr - 6:40:46 PM] Oct 19, 2025 6:40:46 PM org.eclipse.lsp4j.jsonrpc.RemoteEndpoint handleCancellation
2025-10-19T18:40:46.208 INFO (pid:29400) - [Stderr - 6:40:46 PM] WARNING: Unmatched cancel notification for request id 2
2025-10-19T18:40:52.101 INFO (pid:29400) - [Stderr - 6:40:52 PM] Oct 19, 2025 6:40:52 PM org.eclipse.lsp4j.jsonrpc.RemoteEndpoint handleCancellation
2025-10-19T18:40:52.101 INFO (pid:29400) - [Stderr - 6:40:52 PM] WARNING: Unmatched cancel notification for request id 3
2025-10-19T18:40:52.149 INFO (pid:29400) - [Stderr - 6:40:52 PM] Oct 19, 2025 6:40:52 PM org.eclipse.lsp4j.jsonrpc.RemoteEndpoint handleCancellation
2025-10-19T18:40:52.149 INFO (pid:29400) - [Stderr - 6:40:52 PM] WARNING: Unmatched cancel notification for request id 7
2025-10-19T18:49:31.102 INFO (pid:33387) - Use the JDK from 'PATH' as the initial default project JDK.
2025-10-19T18:49:31.117 INFO (pid:33387) - Server configured with the following runtimes: []
2025-10-19T18:49:31.191 INFO (pid:33387) - Starting server with lombok support /home/zaki/.config/coc/extensions/node_modules/coc-java/server/lombok.jar
2025-10-19T18:49:31.218 INFO (pid:33387) - Starting Java server with: /home/zaki/.config/coc/extensions/coc-java-data/jdk-23.0.2-linux-x64/bin/java --add-modules=ALL-SYSTEM --add-opens java.base/java.util=ALL-UNNAMED --add-opens java.base/java.lang=ALL-UNNAMED --add-opens java.base/sun.nio.fs=ALL-UNNAMED -Declipse.application=org.eclipse.jdt.ls.core.id1 -Dosgi.bundles.defaultStartLevel=4 -Declipse.product=org.eclipse.jdt.ls.core.product -Djava.import.generatesMetadataFilesAtProjectRoot=false -Dfile.encoding=UTF-8 -XX:+UseParallelGC -XX:GCTimeRatio=4 -XX:AdaptiveSizePolicyWeight=90 -Dsun.zip.disableMemoryMapping=true -Xmx1G -Xms100m -Xlog:disable -javaagent:/home/zaki/.config/coc/extensions/node_modules/coc-java/server/lombok.jar -XX:+HeapDumpOnOutOfMemoryError -XX:HeapDumpPath=/home/zaki/.config/coc/extensions/coc-java-data -jar /home/zaki/.config/coc/extensions/node_modules/coc-java/server/plugins/org.eclipse.equinox.launcher_1.6.1000.v20250131-0606.jar -configuration /home/zaki/.config/coc/extensions/coc-java-data/1.26.1/config_linux -data /home/zaki/.config/coc/extensions/coc-java-data/jdt_ws_73e5295f282a68ef107f85a997380c6b
2025-10-19T18:49:33.860 INFO (pid:33387) - [Stderr - 6:49:33 PM] Oct 19, 2025 6:49:33 PM org.apache.aries.spifly.BaseActivator log
2025-10-19T18:49:33.860 INFO (pid:33387) - [Stderr - 6:49:33 PM] INFO: Registered provider ch.qos.logback.classic.servlet.LogbackServletContainerInitializer of service jakarta.servlet.ServletContainerInitializer in bundle ch.qos.logback.classic
2025-10-19T18:49:33.861 INFO (pid:33387) - [Stderr - 6:49:33 PM] Oct 19, 2025 6:49:33 PM org.apache.aries.spifly.BaseActivator log
2025-10-19T18:49:33.861 INFO (pid:33387) - [Stderr - 6:49:33 PM] INFO: Registered provider ch.qos.logback.classic.spi.LogbackServiceProvider of service org.slf4j.spi.SLF4JServiceProvider in bundle ch.qos.logback.classic
2025-10-19T18:49:42.271 INFO (pid:33387) - [Warn  - 6:49:42 PM] Oct 19, 2025, 6:49:37 PM The workspace exited with unsaved changes in the previous session; refreshing workspace to recover changes.
null
2025-10-19T18:58:29.861 INFO (pid:38774) - Use the JDK from 'PATH' as the initial default project JDK.
2025-10-19T18:58:29.876 INFO (pid:38774) - Server configured with the following runtimes: []
2025-10-19T18:58:29.893 INFO (pid:38774) - Starting server with lombok support /home/zaki/.config/coc/extensions/node_modules/coc-java/server/lombok.jar
2025-10-19T18:58:29.924 INFO (pid:38774) - Starting Java server with: /home/zaki/.config/coc/extensions/coc-java-data/jdk-23.0.2-linux-x64/bin/java --add-modules=ALL-SYSTEM --add-opens java.base/java.util=ALL-UNNAMED --add-opens java.base/java.lang=ALL-UNNAMED --add-opens java.base/sun.nio.fs=ALL-UNNAMED -Declipse.application=org.eclipse.jdt.ls.core.id1 -Dosgi.bundles.defaultStartLevel=4 -Declipse.product=org.eclipse.jdt.ls.core.product -Djava.import.generatesMetadataFilesAtProjectRoot=false -Dfile.encoding=UTF-8 -XX:+UseParallelGC -XX:GCTimeRatio=4 -XX:AdaptiveSizePolicyWeight=90 -Dsun.zip.disableMemoryMapping=true -Xmx1G -Xms100m -Xlog:disable -javaagent:/home/zaki/.config/coc/extensions/node_modules/coc-java/server/lombok.jar -XX:+HeapDumpOnOutOfMemoryError -XX:HeapDumpPath=/home/zaki/.config/coc/extensions/coc-java-data -jar /home/zaki/.config/coc/extensions/node_modules/coc-java/server/plugins/org.eclipse.equinox.launcher_1.6.1000.v20250131-0606.jar -configuration /home/zaki/.config/coc/extensions/coc-java-data/1.26.1/config_linux -data /home/zaki/.config/coc/extensions/coc-java-data/jdt_ws_90dc4c7f12bb0846c2ac7dc27eb90048
2025-10-19T18:58:29.980 INFO (pid:38774) - [Warn  - 6:58:29 PM] Ignored rootPath /home/zaki of client "java"
2025-10-19T18:58:32.971 INFO (pid:38774) - [Stderr - 6:58:32 PM] Oct 19, 2025 6:58:32 PM org.apache.aries.spifly.BaseActivator log
2025-10-19T18:58:32.971 INFO (pid:38774) - [Stderr - 6:58:32 PM] INFO: Registered provider ch.qos.logback.classic.servlet.LogbackServletContainerInitializer of service jakarta.servlet.ServletContainerInitializer in bundle ch.qos.logback.classic
2025-10-19T18:58:32.987 INFO (pid:38774) - [Stderr - 6:58:32 PM] Oct 19, 2025 6:58:32 PM org.apache.aries.spifly.BaseActivator log
2025-10-19T18:58:32.988 INFO (pid:38774) - [Stderr - 6:58:32 PM] INFO: Registered provider ch.qos.logback.classic.spi.LogbackServiceProvider of service org.slf4j.spi.SLF4JServiceProvider in bundle ch.qos.logback.classic
2025-10-19T18:58:53.179 INFO (pid:38774) - [Stderr - 6:58:53 PM] Oct 19, 2025 6:58:53 PM org.eclipse.lsp4j.jsonrpc.RemoteEndpoint handleCancellation
2025-10-19T18:58:53.179 INFO (pid:38774) - [Stderr - 6:58:53 PM] WARNING: Unmatched cancel notification for request id 4
2025-10-19T18:58:53.192 INFO (pid:38774) - [Stderr - 6:58:53 PM] Oct 19, 2025 6:58:53 PM org.eclipse.lsp4j.jsonrpc.RemoteEndpoint handleCancellation
2025-10-19T18:58:53.192 INFO (pid:38774) - [Stderr - 6:58:53 PM] WARNING: Unmatched cancel notification for request id 5
2025-10-19T19:04:08.163 INFO (pid:41858) - Use the JDK from 'PATH' as the initial default project JDK.
2025-10-19T19:04:08.197 INFO (pid:41858) - Server configured with the following runtimes: []
2025-10-19T19:04:08.209 INFO (pid:41858) - Starting server with lombok support /home/zaki/.config/coc/extensions/node_modules/coc-java/server/lombok.jar
2025-10-19T19:04:08.233 INFO (pid:41858) - Starting Java server with: /home/zaki/.config/coc/extensions/coc-java-data/jdk-23.0.2-linux-x64/bin/java --add-modules=ALL-SYSTEM --add-opens java.base/java.util=ALL-UNNAMED --add-opens java.base/java.lang=ALL-UNNAMED --add-opens java.base/sun.nio.fs=ALL-UNNAMED -Declipse.application=org.eclipse.jdt.ls.core.id1 -Dosgi.bundles.defaultStartLevel=4 -Declipse.product=org.eclipse.jdt.ls.core.product -Djava.import.generatesMetadataFilesAtProjectRoot=false -Dfile.encoding=UTF-8 -XX:+UseParallelGC -XX:GCTimeRatio=4 -XX:AdaptiveSizePolicyWeight=90 -Dsun.zip.disableMemoryMapping=true -Xmx1G -Xms100m -Xlog:disable -javaagent:/home/zaki/.config/coc/extensions/node_modules/coc-java/server/lombok.jar -XX:+HeapDumpOnOutOfMemoryError -XX:HeapDumpPath=/home/zaki/.config/coc/extensions/coc-java-data -jar /home/zaki/.config/coc/extensions/node_modules/coc-java/server/plugins/org.eclipse.equinox.launcher_1.6.1000.v20250131-0606.jar -configuration /home/zaki/.config/coc/extensions/coc-java-data/1.26.1/config_linux -data /home/zaki/.config/coc/extensions/coc-java-data/jdt_ws_90dc4c7f12bb0846c2ac7dc27eb90048
2025-10-19T19:04:08.295 INFO (pid:41858) - [Warn  - 7:04:08 PM] Ignored rootPath /home/zaki of client "java"
2025-10-19T19:04:11.470 INFO (pid:41858) - [Stderr - 7:04:11 PM] Oct 19, 2025 7:04:11 PM org.apache.aries.spifly.BaseActivator log
2025-10-19T19:04:11.470 INFO (pid:41858) - [Stderr - 7:04:11 PM] INFO: Registered provider ch.qos.logback.classic.servlet.LogbackServletContainerInitializer of service jakarta.servlet.ServletContainerInitializer in bundle ch.qos.logback.classic
2025-10-19T19:04:11.480 INFO (pid:41858) - [Stderr - 7:04:11 PM] Oct 19, 2025 7:04:11 PM org.apache.aries.spifly.BaseActivator log
2025-10-19T19:04:11.480 INFO (pid:41858) - [Stderr - 7:04:11 PM] INFO: Registered provider ch.qos.logback.classic.spi.LogbackServiceProvider of service org.slf4j.spi.SLF4JServiceProvider in bundle ch.qos.logback.classic
2025-10-19T19:04:17.540 INFO (pid:41858) - [Warn  - 7:04:17 PM] Oct 19, 2025, 7:04:13 PM The workspace exited with unsaved changes in the previous session; refreshing workspace to recover changes.
null
2025-10-19T19:04:34.860 INFO (pid:42349) - Use the JDK from 'PATH' as the initial default project JDK.
2025-10-19T19:04:34.881 INFO (pid:42349) - Server configured with the following runtimes: []
2025-10-19T19:04:34.895 INFO (pid:42349) - Starting server with lombok support /home/zaki/.config/coc/extensions/node_modules/coc-java/server/lombok.jar
2025-10-19T19:04:34.921 INFO (pid:42349) - Starting Java server with: /home/zaki/.config/coc/extensions/coc-java-data/jdk-23.0.2-linux-x64/bin/java --add-modules=ALL-SYSTEM --add-opens java.base/java.util=ALL-UNNAMED --add-opens java.base/java.lang=ALL-UNNAMED --add-opens java.base/sun.nio.fs=ALL-UNNAMED -Declipse.application=org.eclipse.jdt.ls.core.id1 -Dosgi.bundles.defaultStartLevel=4 -Declipse.product=org.eclipse.jdt.ls.core.product -Djava.import.generatesMetadataFilesAtProjectRoot=false -Dfile.encoding=UTF-8 -XX:+UseParallelGC -XX:GCTimeRatio=4 -XX:AdaptiveSizePolicyWeight=90 -Dsun.zip.disableMemoryMapping=true -Xmx1G -Xms100m -Xlog:disable -javaagent:/home/zaki/.config/coc/extensions/node_modules/coc-java/server/lombok.jar -XX:+HeapDumpOnOutOfMemoryError -XX:HeapDumpPath=/home/zaki/.config/coc/extensions/coc-java-data -jar /home/zaki/.config/coc/extensions/node_modules/coc-java/server/plugins/org.eclipse.equinox.launcher_1.6.1000.v20250131-0606.jar -configuration /home/zaki/.config/coc/extensions/coc-java-data/1.26.1/config_linux -data /home/zaki/.config/coc/extensions/coc-java-data/jdt_ws_90dc4c7f12bb0846c2ac7dc27eb90048
2025-10-19T19:04:34.980 INFO (pid:42349) - [Warn  - 7:04:34 PM] Ignored rootPath /home/zaki of client "java"
2025-10-19T19:04:37.650 INFO (pid:42349) - [Stderr - 7:04:37 PM] Oct 19, 2025 7:04:37 PM org.apache.aries.spifly.BaseActivator log
2025-10-19T19:04:37.650 INFO (pid:42349) - [Stderr - 7:04:37 PM] INFO: Registered provider ch.qos.logback.classic.servlet.LogbackServletContainerInitializer of service jakarta.servlet.ServletContainerInitializer in bundle ch.qos.logback.classic
2025-10-19T19:04:37.661 INFO (pid:42349) - [Stderr - 7:04:37 PM] Oct 19, 2025 7:04:37 PM org.apache.aries.spifly.BaseActivator log
2025-10-19T19:04:37.661 INFO (pid:42349) - [Stderr - 7:04:37 PM] INFO: Registered provider ch.qos.logback.classic.spi.LogbackServiceProvider of service org.slf4j.spi.SLF4JServiceProvider in bundle ch.qos.logback.classic
