{"level":30,"time":"2025-10-19T13:24:40.929Z","msg":"[startup_config] Set Windows Application User Model ID (AUMID) {\"AUMID\":\"org.whispersystems.signal-desktop\"}"}
{"level":30,"time":"2025-10-19T13:24:40.998Z","msg":"[base_config] config/start: Did not find user config file (or it was empty), cache is now empty object"}
{"level":30,"time":"2025-10-19T13:24:41.197Z","msg":"[base_config] config/start: Did not find ephemeral config file (or it was empty), cache is now empty object"}
{"level":30,"time":"2025-10-19T13:24:41.366Z","msg":"[app/main] making app single instance"}
{"level":30,"time":"2025-10-19T13:24:43.000Z","msg":"[base_config] config/set: Saving ephemeral config to disk"}
{"level":30,"time":"2025-10-19T13:24:43.024Z","msg":"[base_config] config/set: Saved ephemeral config to disk"}
{"level":30,"time":"2025-10-19T13:24:43.025Z","msg":"[app/main] initializing localeOverride setting null"}
{"level":30,"time":"2025-10-19T13:24:43.027Z","msg":"[app/main] app.ready: hour cycle preference: UnknownPreference"}
{"level":30,"time":"2025-10-19T13:24:43.027Z","msg":"[app/main] app.ready: preferred system locales: [\"en-US\",\"en\"]"}
{"level":30,"time":"2025-10-19T13:24:43.029Z","msg":"[app/main] locale: Supported locales: af-ZA, ar, az-AZ, bg-BG, bn-BD, bs-BA, ca, cs, da, de, el, en, es, et-EE, eu, fa-IR, fi, fr, ga-IE, gl-ES, gu-IN, he, hi-IN, hr-HR, hu, id, it, ja, ka-GE, kk-KZ, km-KH, kn-IN, ko, ky-KG, lt-LT, lv-LV, mk-MK, ml-IN, mr-IN, ms, my, nb, nl, pa-IN, pl, pt-BR, pt-PT, ro-RO, ru, sk-SK, sl-SI, sq-AL, sr, sv, sw, ta-IN, te-IN, th, tl-PH, tr, ug, uk-UA, ur, vi, yue, zh-CN, zh-HK, zh-Hant"}
{"level":30,"time":"2025-10-19T13:24:43.030Z","msg":"[app/main] locale: Preferred locales: en-US, en"}
{"level":30,"time":"2025-10-19T13:24:43.033Z","msg":"[app/main] locale: Locale Override: null"}
{"level":30,"time":"2025-10-19T13:24:43.046Z","msg":"[app/main] locale: Matched locale: en"}
{"level":40,"time":"2025-10-19T13:24:43.227Z","msg":"[setupI18nMain] intl.onWarn [@formatjs/intl] \"defaultRichTextElements\" was specified but \"message\" was not pre-compiled. \nPlease consider using \"@formatjs/cli\" to pre-compile your messages for performance.\nFor more details see https://formatjs.github.io/docs/getting-started/message-distribution"}
{"level":30,"time":"2025-10-19T13:24:43.227Z","msg":"[app/main] locale: Text info direction for en: ltr"}
{"level":40,"time":"2025-10-19T13:24:43.231Z","msg":"[app/main] getSQLKey: got key from config, but it wasn't a string"}
{"level":30,"time":"2025-10-19T13:24:43.232Z","msg":"[app/main] key/initialize: Generating new encryption key, since we did not find it on disk"}
{"level":30,"time":"2025-10-19T13:24:43.232Z","msg":"[app/main] getSQLKey: updating plaintext key in the config"}
{"level":30,"time":"2025-10-19T13:24:43.232Z","msg":"[base_config] config/set: Saving user config to disk"}
{"level":30,"time":"2025-10-19T13:24:43.244Z","msg":"[base_config] config/set: Saved user config to disk"}
{"level":30,"time":"2025-10-19T13:24:43.247Z","msg":"[SystemTraySettingCache] getSystemTraySetting got no value, returning Uninitialized"}
{"level":30,"time":"2025-10-19T13:24:43.247Z","msg":"[base_config] config/set: Saving ephemeral config to disk"}
{"level":30,"time":"2025-10-19T13:24:43.255Z","msg":"[base_config] config/set: Saved ephemeral config to disk"}
{"level":30,"time":"2025-10-19T13:24:43.255Z","msg":"[app/main] app.ready: setting system-tray-setting to DoNotUseSystemTray"}
{"level":30,"time":"2025-10-19T13:24:43.255Z","msg":"[base_config] config/set: Saving ephemeral config to disk"}
{"level":30,"time":"2025-10-19T13:24:43.261Z","msg":"[base_config] config/set: Saved ephemeral config to disk"}
{"level":30,"time":"2025-10-19T13:24:43.263Z","msg":"[app/main] app ready"}
{"level":30,"time":"2025-10-19T13:24:43.263Z","msg":"[app/main] starting version 7.75.1"}
{"level":30,"time":"2025-10-19T13:24:43.263Z","msg":"[app/main] media access status [object Undefined] [object Undefined] [object Undefined]"}
{"level":30,"time":"2025-10-19T13:24:43.307Z","msg":"[base_config] config/set: Saving ephemeral config to disk"}
{"level":30,"time":"2025-10-19T13:24:43.317Z","msg":"[base_config] config/set: Saved ephemeral config to disk"}
{"level":30,"time":"2025-10-19T13:24:43.317Z","msg":"[app/main] initializing spellcheck setting true"}
{"level":30,"time":"2025-10-19T13:24:43.319Z","msg":"[base_config] config/set: Saving ephemeral config to disk"}
{"level":30,"time":"2025-10-19T13:24:43.322Z","msg":"[base_config] config/set: Saved ephemeral config to disk"}
{"level":30,"time":"2025-10-19T13:24:43.322Z","msg":"[app/main] saving theme-setting value system"}
{"level":30,"time":"2025-10-19T13:24:43.322Z","msg":"[app/main] got fast spellcheck setting true"}
{"level":30,"time":"2025-10-19T13:24:43.323Z","msg":"[app/main] Initializing BrowserWindow config: {\"show\":false,\"width\":800,\"height\":610,\"minWidth\":300,\"minHeight\":200,\"autoHideMenuBar\":false,\"titleBarStyle\":\"default\",\"backgroundColor\":\"#121212\",\"webPreferences\":{\"devTools\":false,\"spellcheck\":true,\"enablePreferredSizeMode\":true,\"nodeIntegration\":false,\"nodeIntegrationInWorker\":false,\"sandbox\":false,\"contextIsolation\":true,\"preload\":\"[REDACTED]/preload.wrapper.js\"},\"icon\":\"[REDACTED]/images/signal-logo-desktop-linux.png\"}"}
{"level":30,"time":"2025-10-19T13:24:43.572Z","msg":"[spell_check] spellcheck: user locales: [\"en-US\",\"en\"]"}
{"level":30,"time":"2025-10-19T13:24:43.572Z","msg":"[spell_check] spellcheck: available spellchecker languages: [\"af\",\"bg\",\"ca\",\"cs\",\"cy\",\"da\",\"de\",\"de-DE\",\"el\",\"en\",\"en-AU\",\"en-CA\",\"en-GB\",\"en-GB-oxendict\",\"en-US\",\"es\",\"es-419\",\"es-AR\",\"es-ES\",\"es-MX\",\"es-US\",\"et\",\"fa\",\"fo\",\"fr\",\"fr-FR\",\"he\",\"hi\",\"hr\",\"hu\",\"hy\",\"id\",\"it\",\"it-IT\",\"ko\",\"lt\",\"lv\",\"nb\",\"nl\",\"pl\",\"pt\",\"pt-BR\",\"pt-PT\",\"ro\",\"ru\",\"sh\",\"sk\",\"sl\",\"sq\",\"sr\",\"sv\",\"ta\",\"tg\",\"tr\",\"uk\",\"vi\"]"}
{"level":30,"time":"2025-10-19T13:24:43.572Z","msg":"[spell_check] spellcheck: setting languages to: [\"en-US\",\"en\"]"}
{"level":30,"time":"2025-10-19T13:24:43.618Z","msg":"[app/main] spellcheck: dictionary download begin: en"}
{"level":30,"time":"2025-10-19T13:24:43.622Z","msg":"[app/main] spellcheck: dictionary download begin: en-US"}
{"level":30,"time":"2025-10-19T13:24:43.843Z","msg":"[app/main] spellcheck: dictionary download success: en"}
{"level":30,"time":"2025-10-19T13:24:43.849Z","msg":"[app/main] spellcheck: dictionary download success: en-US"}
{"level":30,"time":"2025-10-19T13:24:43.853Z","msg":"[app/main] spellcheck: dictionary initialized: en-US"}
{"level":30,"time":"2025-10-19T13:24:43.854Z","msg":"[app/main] spellcheck: dictionary initialized: en"}
{"level":30,"time":"2025-10-19T13:24:44.534Z","msg":"[app/main] MainSQL: migrateSchemaVersion: Migrating from schema_version 0 to user_version 0"}
{"level":30,"time":"2025-10-19T13:24:44.559Z","msg":"[app/main] MainSQL: updateSchema:\n  Current user_version: 0;\n  Most recent db schema: 1480;\n  SQLite version: 3.50.4;\n  SQLCipher version: 4.10.0 community;\n  (deprecated) schema_version: 0;\n"}
{"level":30,"time":"2025-10-19T13:24:44.559Z","msg":"[app/main] MainSQL: [updateSchema(1)] success"}
{"level":30,"time":"2025-10-19T13:24:44.573Z","msg":"[app/main] MainSQL: [updateSchema(2)] success"}
{"level":30,"time":"2025-10-19T13:24:44.573Z","msg":"[app/main] MainSQL: [updateSchema(3)] success"}
{"level":30,"time":"2025-10-19T13:24:44.573Z","msg":"[app/main] MainSQL: [updateSchema(4)] success"}
{"level":30,"time":"2025-10-19T13:24:44.577Z","msg":"[app/main] MainSQL: [updateSchema(6)] success"}
{"level":30,"time":"2025-10-19T13:24:44.582Z","msg":"[app/main] MainSQL: [updateSchema(7)] success"}
{"level":30,"time":"2025-10-19T13:24:44.587Z","msg":"[app/main] MainSQL: [updateSchema(8)] success"}
{"level":30,"time":"2025-10-19T13:24:44.587Z","msg":"[app/main] MainSQL: [updateSchema(9)] success"}
{"level":30,"time":"2025-10-19T13:24:44.595Z","msg":"[app/main] MainSQL: [updateSchema(10)] success"}
{"level":30,"time":"2025-10-19T13:24:44.595Z","msg":"[app/main] MainSQL: [updateSchema(11)] success"}
{"level":30,"time":"2025-10-19T13:24:44.595Z","msg":"[app/main] MainSQL: [updateSchema(12)] success"}
{"level":30,"time":"2025-10-19T13:24:44.600Z","msg":"[app/main] MainSQL: [updateSchema(13)] success"}
{"level":30,"time":"2025-10-19T13:24:44.600Z","msg":"[app/main] MainSQL: [updateSchema(14)] success"}
{"level":30,"time":"2025-10-19T13:24:44.606Z","msg":"[app/main] MainSQL: [updateSchema(15)] success"}
{"level":30,"time":"2025-10-19T13:24:44.611Z","msg":"[app/main] MainSQL: [updateSchema(16)] success"}
{"level":30,"time":"2025-10-19T13:24:44.613Z","msg":"[app/main] MainSQL: [updateSchema(17)] success"}
{"level":30,"time":"2025-10-19T13:24:44.614Z","msg":"[app/main] MainSQL: [updateSchema(18)] success"}
{"level":30,"time":"2025-10-19T13:24:44.616Z","msg":"[app/main] MainSQL: [updateSchema(19)] success"}
{"level":30,"time":"2025-10-19T13:24:44.628Z","msg":"[app/main] MainSQL: [updateSchema(20)] success"}
{"level":30,"time":"2025-10-19T13:24:44.628Z","msg":"[app/main] MainSQL: [updateSchema(21)] success"}
{"level":30,"time":"2025-10-19T13:24:44.629Z","msg":"[app/main] MainSQL: [updateSchema(22)] success"}
{"level":30,"time":"2025-10-19T13:24:44.630Z","msg":"[app/main] MainSQL: [updateSchema(23)] success"}
{"level":30,"time":"2025-10-19T13:24:44.631Z","msg":"[app/main] MainSQL: [updateSchema(24)] success"}
{"level":30,"time":"2025-10-19T13:24:44.638Z","msg":"[app/main] MainSQL: [updateSchema(25)] success"}
{"level":30,"time":"2025-10-19T13:24:44.638Z","msg":"[app/main] MainSQL: [updateSchema(26)] success"}
{"level":30,"time":"2025-10-19T13:24:44.639Z","msg":"[app/main] MainSQL: [updateSchema(27)] success"}
{"level":30,"time":"2025-10-19T13:24:44.640Z","msg":"[app/main] MainSQL: [updateSchema(28)] success"}
{"level":30,"time":"2025-10-19T13:24:44.642Z","msg":"[app/main] MainSQL: [updateSchema(29)] success"}
{"level":30,"time":"2025-10-19T13:24:44.643Z","msg":"[app/main] MainSQL: [updateSchema(30)] success"}
{"level":30,"time":"2025-10-19T13:24:44.646Z","msg":"[app/main] MainSQL: [updateSchema(31)] success"}
{"level":30,"time":"2025-10-19T13:24:44.648Z","msg":"[app/main] MainSQL: [updateSchema(32)] success"}
{"level":30,"time":"2025-10-19T13:24:44.650Z","msg":"[app/main] MainSQL: [updateSchema(33)] success"}
{"level":30,"time":"2025-10-19T13:24:44.651Z","msg":"[app/main] MainSQL: [updateSchema(34)] success"}
{"level":30,"time":"2025-10-19T13:24:44.651Z","msg":"[app/main] MainSQL: [updateSchema(35)] success"}
{"level":30,"time":"2025-10-19T13:24:44.652Z","msg":"[app/main] MainSQL: [updateSchema(36)] success"}
{"level":30,"time":"2025-10-19T13:24:44.655Z","msg":"[app/main] MainSQL: [updateSchema(37)] success"}
{"level":30,"time":"2025-10-19T13:24:44.667Z","msg":"[app/main] MainSQL: [updateSchema(38)] success"}
{"level":30,"time":"2025-10-19T13:24:44.671Z","msg":"[app/main] MainSQL: [updateSchema(39)] success"}
{"level":30,"time":"2025-10-19T13:24:44.672Z","msg":"[app/main] MainSQL: [updateSchema(40)] success"}
{"level":30,"time":"2025-10-19T13:24:44.681Z","msg":"[app/main] MainSQL: [updateSchema(41)] success"}
{"level":30,"time":"2025-10-19T13:24:44.681Z","msg":"[app/main] MainSQL: [updateSchema(42)] success"}
{"level":30,"time":"2025-10-19T13:24:44.682Z","msg":"[app/main] MainSQL: [updateSchema(43)] About to iterate through 0 conversations"}
{"level":30,"time":"2025-10-19T13:24:44.682Z","msg":"[app/main] MainSQL: [updateSchema(43)] About to iterate through 0 messages"}
{"level":30,"time":"2025-10-19T13:24:44.682Z","msg":"[app/main] MainSQL: [updateSchema(43)] Updated 0 messages"}
{"level":30,"time":"2025-10-19T13:24:44.682Z","msg":"[app/main] MainSQL: [updateSchema(43)] success"}
{"level":30,"time":"2025-10-19T13:24:44.683Z","msg":"[app/main] MainSQL: [updateSchema(44)] success"}
{"level":30,"time":"2025-10-19T13:24:44.685Z","msg":"[app/main] MainSQL: [updateSchema(45)] success"}
{"level":30,"time":"2025-10-19T13:24:44.687Z","msg":"[app/main] MainSQL: [updateSchema(46)] success"}
{"level":30,"time":"2025-10-19T13:24:44.698Z","msg":"[app/main] MainSQL: [updateSchema(47)] our UUID not found"}
{"level":30,"time":"2025-10-19T13:24:44.698Z","msg":"[app/main] MainSQL: [updateSchema(47)] success"}
{"level":30,"time":"2025-10-19T13:24:44.699Z","msg":"[app/main] MainSQL: [updateSchema(48)] success"}
{"level":30,"time":"2025-10-19T13:24:44.699Z","msg":"[app/main] MainSQL: [updateSchema(49)] success"}
{"level":30,"time":"2025-10-19T13:24:44.699Z","msg":"[app/main] MainSQL: [updateSchema(50)] success"}
{"level":30,"time":"2025-10-19T13:24:44.699Z","msg":"[app/main] MainSQL: [updateSchema(51)] success"}
{"level":30,"time":"2025-10-19T13:24:44.700Z","msg":"[app/main] MainSQL: [updateSchema(52)] success"}
{"level":30,"time":"2025-10-19T13:24:44.700Z","msg":"[app/main] MainSQL: [updateSchema(53)] About to iterate through 0 conversations"}
{"level":30,"time":"2025-10-19T13:24:44.700Z","msg":"[app/main] MainSQL: [updateSchema(53)] Updated 0 conversations"}
{"level":30,"time":"2025-10-19T13:24:44.700Z","msg":"[app/main] MainSQL: [updateSchema(53)] success"}
{"level":30,"time":"2025-10-19T13:24:44.701Z","msg":"[app/main] MainSQL: [updateSchema(54)] success"}
{"level":30,"time":"2025-10-19T13:24:44.701Z","msg":"[app/main] MainSQL: [updateSchema(55)] success"}
{"level":30,"time":"2025-10-19T13:24:44.704Z","msg":"[app/main] MainSQL: [updateSchema(56)] success"}
{"level":30,"time":"2025-10-19T13:24:44.704Z","msg":"[app/main] MainSQL: [updateSchema(57)] success"}
{"level":30,"time":"2025-10-19T13:24:44.705Z","msg":"[app/main] MainSQL: [updateSchema(58)] success"}
{"level":30,"time":"2025-10-19T13:24:44.705Z","msg":"[app/main] MainSQL: [updateSchema(59)] success"}
{"level":30,"time":"2025-10-19T13:24:44.706Z","msg":"[app/main] MainSQL: [updateSchema(60)] success"}
{"level":30,"time":"2025-10-19T13:24:44.729Z","msg":"[app/main] MainSQL: [updateSchema(61)] success"}
{"level":30,"time":"2025-10-19T13:24:44.730Z","msg":"[app/main] MainSQL: [updateSchema(62)] success"}
{"level":30,"time":"2025-10-19T13:24:44.731Z","msg":"[app/main] MainSQL: [updateSchema(63)] success"}
{"level":30,"time":"2025-10-19T13:24:44.734Z","msg":"[app/main] MainSQL: [updateSchema(64)] success"}
{"level":30,"time":"2025-10-19T13:24:44.741Z","msg":"[app/main] MainSQL: [updateSchema(65)] success"}
{"level":30,"time":"2025-10-19T13:24:44.742Z","msg":"[app/main] MainSQL: [updateSchema(66)] success"}
{"level":30,"time":"2025-10-19T13:24:44.743Z","msg":"[app/main] MainSQL: [updateSchema(67)] success"}
{"level":30,"time":"2025-10-19T13:24:44.755Z","msg":"[app/main] MainSQL: [updateSchema(68)] success"}
{"level":30,"time":"2025-10-19T13:24:44.755Z","msg":"[app/main] MainSQL: [updateSchema(69)] success"}
{"level":30,"time":"2025-10-19T13:24:44.755Z","msg":"[app/main] MainSQL: [updateSchema(70)] success"}
{"level":30,"time":"2025-10-19T13:24:44.777Z","msg":"[app/main] MainSQL: [updateSchema(71)] success"}
{"level":30,"time":"2025-10-19T13:24:44.779Z","msg":"[app/main] MainSQL: [updateSchema(72)] success"}
{"level":30,"time":"2025-10-19T13:24:44.801Z","msg":"[app/main] MainSQL: [updateSchema(73)] success"}
{"level":30,"time":"2025-10-19T13:24:44.802Z","msg":"[app/main] MainSQL: [updateSchema(74)] success"}
{"level":30,"time":"2025-10-19T13:24:44.802Z","msg":"[app/main] MainSQL: [updateSchema(75)] success"}
{"level":30,"time":"2025-10-19T13:24:44.811Z","msg":"[app/main] MainSQL: [updateSchema(76)] success"}
{"level":30,"time":"2025-10-19T13:24:44.813Z","msg":"[app/main] MainSQL: [updateSchema(77)] success"}
{"level":30,"time":"2025-10-19T13:24:44.813Z","msg":"[app/main] MainSQL: [updateSchema(78)] success"}
{"level":30,"time":"2025-10-19T13:24:44.814Z","msg":"[app/main] MainSQL: [updateSchema(79)] success"}
{"level":30,"time":"2025-10-19T13:24:44.814Z","msg":"[app/main] MainSQL: [updateSchema(80)] success"}
{"level":30,"time":"2025-10-19T13:24:44.833Z","msg":"[app/main] MainSQL: [updateSchema(81)] success"}
{"level":30,"time":"2025-10-19T13:24:44.844Z","msg":"[app/main] MainSQL: [updateSchema(82)] success"}
{"level":30,"time":"2025-10-19T13:24:44.844Z","msg":"[app/main] MainSQL: [updateSchema(83)] success"}
{"level":30,"time":"2025-10-19T13:24:44.845Z","msg":"[app/main] MainSQL: [updateSchema(84)] success"}
{"level":30,"time":"2025-10-19T13:24:44.846Z","msg":"[app/main] MainSQL: [updateSchema(85)] success"}
{"level":30,"time":"2025-10-19T13:24:44.847Z","msg":"[app/main] MainSQL: [updateSchema(86)] success"}
{"level":30,"time":"2025-10-19T13:24:44.848Z","msg":"[app/main] MainSQL: [updateSchema(87)] (cleanup)/kyberPreKeys: Our PNI not found"}
{"level":30,"time":"2025-10-19T13:24:44.849Z","msg":"[app/main] MainSQL: [updateSchema(87)] (cleanup)/preKeys: Our PNI not found"}
{"level":30,"time":"2025-10-19T13:24:44.849Z","msg":"[app/main] MainSQL: [updateSchema(87)] (cleanup)/signedPreKeys: Our PNI not found"}
{"level":30,"time":"2025-10-19T13:24:44.849Z","msg":"[app/main] MainSQL: [updateSchema(87)] success"}
{"level":30,"time":"2025-10-19T13:24:44.944Z","msg":"[app/main] MainSQL: [updateSchema(88)] updating 0 conversations"}
{"level":30,"time":"2025-10-19T13:24:44.945Z","msg":"[app/main] MainSQL: [updateSchema(88)] Our UUID not found"}
{"level":30,"time":"2025-10-19T13:24:44.945Z","msg":"[app/main] MainSQL: [updateSchema(88)] Our PNI not found"}
{"level":30,"time":"2025-10-19T13:24:44.945Z","msg":"[app/main] MainSQL: [updateSchema(88)] updating 0 sessions"}
{"level":30,"time":"2025-10-19T13:24:44.946Z","msg":"[app/main] MainSQL: [updateSchema(88)] updating messages"}
{"level":30,"time":"2025-10-19T13:24:44.946Z","msg":"[app/main] MainSQL: [updateSchema(88)] updated 0 messages"}
{"level":30,"time":"2025-10-19T13:24:44.946Z","msg":"[app/main] MainSQL: [updateSchema(88)] updating 0 preKeys"}
{"level":30,"time":"2025-10-19T13:24:44.947Z","msg":"[app/main] MainSQL: [updateSchema(88)] updating 0 signedPreKeys"}
{"level":30,"time":"2025-10-19T13:24:44.947Z","msg":"[app/main] MainSQL: [updateSchema(88)] updating 0 kyberPreKeys"}
{"level":30,"time":"2025-10-19T13:24:44.947Z","msg":"[app/main] MainSQL: [updateSchema(88)] updated 0 jobs"}
{"level":30,"time":"2025-10-19T13:24:44.948Z","msg":"[app/main] MainSQL: [updateSchema(88)] success"}
{"level":30,"time":"2025-10-19T13:24:44.961Z","msg":"[app/main] MainSQL: [updateSchema(89)] success"}
{"level":30,"time":"2025-10-19T13:24:44.962Z","msg":"[app/main] MainSQL: [updateSchema(90)] removed screenshotData from 0 message"}
{"level":30,"time":"2025-10-19T13:24:44.962Z","msg":"[app/main] MainSQL: [updateSchema(90)] success"}
{"level":30,"time":"2025-10-19T13:24:44.981Z","msg":"[app/main] MainSQL: [updateSchema(91)] Found 0 keys"}
{"level":30,"time":"2025-10-19T13:24:44.981Z","msg":"[app/main] MainSQL: [updateSchema(91)] success"}
{"level":30,"time":"2025-10-19T13:24:44.981Z","msg":"[app/main] MainSQL: [updateSchema(920)] kyberPreKeys: Our PNI not found"}
{"level":30,"time":"2025-10-19T13:24:44.981Z","msg":"[app/main] MainSQL: [updateSchema(920)] signedPreKeys: Our PNI not found"}
{"level":30,"time":"2025-10-19T13:24:44.981Z","msg":"[app/main] MainSQL: [updateSchema(920)] Done with deletions, starting vacuum..."}
{"level":30,"time":"2025-10-19T13:24:44.981Z","msg":"[app/main] MainSQL: [updateSchema(920)] success, needs vacuum"}
{"level":30,"time":"2025-10-19T13:24:44.999Z","msg":"[app/main] MainSQL: running vacuum"}
{"level":30,"time":"2025-10-19T13:24:45.022Z","msg":"[app/main] MainSQL: done running vacuum"}
{"level":30,"time":"2025-10-19T13:24:45.022Z","msg":"[app/main] MainSQL: [updateSchema(930)] success"}
{"level":30,"time":"2025-10-19T13:24:45.022Z","msg":"[app/main] MainSQL: [updateSchema(940)] success"}
{"level":30,"time":"2025-10-19T13:24:45.022Z","msg":"[app/main] MainSQL: [updateSchema(950)] success"}
{"level":30,"time":"2025-10-19T13:24:45.024Z","msg":"[app/main] MainSQL: [updateSchema(960)] Our ACI not found"}
{"level":30,"time":"2025-10-19T13:24:45.024Z","msg":"[app/main] MainSQL: [updateSchema(960)] not running, pni is normalized"}
{"level":30,"time":"2025-10-19T13:24:45.024Z","msg":"[app/main] MainSQL: [updateSchema(960)] success"}
{"level":30,"time":"2025-10-19T13:24:45.024Z","msg":"[app/main] MainSQL: [updateSchema(970)] success"}
{"level":30,"time":"2025-10-19T13:24:45.026Z","msg":"[app/main] MainSQL: [updateSchema(980)] success"}
{"level":30,"time":"2025-10-19T13:24:45.026Z","msg":"[app/main] MainSQL: [updateSchema(990)] success"}
{"level":30,"time":"2025-10-19T13:24:45.026Z","msg":"[app/main] MainSQL: [updateSchema(1000)] success"}
{"level":30,"time":"2025-10-19T13:24:45.027Z","msg":"[app/main] MainSQL: [updateSchema(1010)] success"}
{"level":30,"time":"2025-10-19T13:24:45.027Z","msg":"[app/main] MainSQL: [updateSchema(1020)] not linked"}
{"level":30,"time":"2025-10-19T13:24:45.027Z","msg":"[app/main] MainSQL: [updateSchema(1020)] success"}
{"level":30,"time":"2025-10-19T13:24:45.039Z","msg":"[app/main] MainSQL: [updateSchema(1030)] success"}
{"level":30,"time":"2025-10-19T13:24:45.039Z","msg":"[app/main] MainSQL: [updateSchema(1040)] loaded 0 existing jobs"}
{"level":30,"time":"2025-10-19T13:24:45.044Z","msg":"[app/main] MainSQL: [updateSchema(1040)] transferred 0 rows, removed 0"}
{"level":30,"time":"2025-10-19T13:24:45.044Z","msg":"[app/main] MainSQL: [updateSchema(1040)] success"}
{"level":30,"time":"2025-10-19T13:24:45.045Z","msg":"[app/main] MainSQL: [updateSchema(1050)] success"}
{"level":30,"time":"2025-10-19T13:24:45.047Z","msg":"[app/main] MainSQL: [updateSchema(1060)] success"}
{"level":30,"time":"2025-10-19T13:24:45.047Z","msg":"[app/main] MainSQL: [updateSchema(1070)] success"}
{"level":30,"time":"2025-10-19T13:24:45.047Z","msg":"[app/main] MainSQL: [updateSchema(1080)] success"}
{"level":30,"time":"2025-10-19T13:24:45.048Z","msg":"[app/main] MainSQL: [updateSchema(1090)] success"}
{"level":30,"time":"2025-10-19T13:24:45.049Z","msg":"[app/main] MainSQL: [updateSchema(1100)] success"}
{"level":30,"time":"2025-10-19T13:24:45.053Z","msg":"[app/main] MainSQL: [updateSchema(1110)] success"}
{"level":30,"time":"2025-10-19T13:24:45.053Z","msg":"[app/main] MainSQL: [updateSchema(1120)] success"}
{"level":30,"time":"2025-10-19T13:24:45.053Z","msg":"[app/main] MainSQL: [updateSchema(1130)] success"}
{"level":30,"time":"2025-10-19T13:24:45.055Z","msg":"[app/main] MainSQL: [updateSchema(1140)] success"}
{"level":30,"time":"2025-10-19T13:24:45.056Z","msg":"[app/main] MainSQL: [updateSchema(1150)] success"}
{"level":30,"time":"2025-10-19T13:24:45.057Z","msg":"[app/main] MainSQL: [updateSchema(1160)] success"}
{"level":30,"time":"2025-10-19T13:24:45.057Z","msg":"[app/main] MainSQL: [updateSchema(1170)] success"}
{"level":30,"time":"2025-10-19T13:24:45.061Z","msg":"[app/main] MainSQL: [updateSchema(1180)] success"}
{"level":30,"time":"2025-10-19T13:24:45.068Z","msg":"[app/main] MainSQL: [updateSchema(1190)] success"}
{"level":30,"time":"2025-10-19T13:24:45.068Z","msg":"[app/main] MainSQL: [updateSchema(1200)] success"}
{"level":30,"time":"2025-10-19T13:24:45.073Z","msg":"[app/main] MainSQL: [updateSchema(1210)] success"}
{"level":30,"time":"2025-10-19T13:24:45.078Z","msg":"[app/main] MainSQL: [updateSchema(1220)] no identity/registration id"}
{"level":30,"time":"2025-10-19T13:24:45.078Z","msg":"[app/main] MainSQL: [updateSchema(1220)] success"}
{"level":30,"time":"2025-10-19T13:24:45.078Z","msg":"[app/main] MainSQL: [updateSchema(1230)] success"}
{"level":30,"time":"2025-10-19T13:24:45.079Z","msg":"[app/main] MainSQL: [updateSchema(1240)] success"}
{"level":30,"time":"2025-10-19T13:24:45.084Z","msg":"[app/main] MainSQL: [updateSchema(1250)] success"}
{"level":30,"time":"2025-10-19T13:24:45.085Z","msg":"[app/main] MainSQL: [updateSchema(1260)] success"}
{"level":30,"time":"2025-10-19T13:24:45.106Z","msg":"[app/main] MainSQL: [updateSchema(1270)] success"}
{"level":30,"time":"2025-10-19T13:24:45.108Z","msg":"[app/main] MainSQL: [updateSchema(1280)] success"}
{"level":30,"time":"2025-10-19T13:24:45.124Z","msg":"[app/main] MainSQL: [updateSchema(1290)] success"}
{"level":30,"time":"2025-10-19T13:24:45.127Z","msg":"[app/main] MainSQL: [updateSchema(1300)] success"}
{"level":30,"time":"2025-10-19T13:24:45.128Z","msg":"[app/main] MainSQL: [updateSchema(1310)] success"}
{"level":30,"time":"2025-10-19T13:24:45.132Z","msg":"[app/main] MainSQL: [updateSchema(1320)] success"}
{"level":30,"time":"2025-10-19T13:24:45.132Z","msg":"[app/main] MainSQL: [updateSchema(1330)] success"}
{"level":30,"time":"2025-10-19T13:24:45.132Z","msg":"[app/main] MainSQL: [updateSchema(1340)] success"}
{"level":30,"time":"2025-10-19T13:24:45.132Z","msg":"[app/main] MainSQL: [updateSchema(1350)] success"}
{"level":30,"time":"2025-10-19T13:24:45.133Z","msg":"[app/main] MainSQL: [updateSchema(1360)] success"}
{"level":30,"time":"2025-10-19T13:24:45.133Z","msg":"[app/main] MainSQL: [updateSchema(1370)] success"}
{"level":30,"time":"2025-10-19T13:24:45.133Z","msg":"[app/main] MainSQL: [updateSchema(1380)] success"}
{"level":30,"time":"2025-10-19T13:24:45.176Z","msg":"[app/main] MainSQL: [updateSchema(1390)] success"}
{"level":30,"time":"2025-10-19T13:24:45.187Z","msg":"[app/main] MainSQL: [updateSchema(1400)] success"}
{"level":30,"time":"2025-10-19T13:24:45.188Z","msg":"[app/main] MainSQL: [updateSchema(1410)] success"}
{"level":30,"time":"2025-10-19T13:24:45.190Z","msg":"[app/main] MainSQL: [updateSchema(1420)] success"}
{"level":30,"time":"2025-10-19T13:24:45.193Z","msg":"[app/main] MainSQL: [updateSchema(1430)] success"}
{"level":30,"time":"2025-10-19T13:24:45.194Z","msg":"[app/main] MainSQL: [updateSchema(1440)] success"}
{"level":30,"time":"2025-10-19T13:24:45.201Z","msg":"[app/main] MainSQL: [updateSchema(1450)] success"}
{"level":30,"time":"2025-10-19T13:24:45.202Z","msg":"[app/main] MainSQL: [updateSchema(1460)] success"}
{"level":30,"time":"2025-10-19T13:24:45.203Z","msg":"[app/main] MainSQL: [updateSchema(1470)] success"}
{"level":30,"time":"2025-10-19T13:24:45.203Z","msg":"[app/main] MainSQL: [updateSchema(1480)] Removed 0 duplicate all chats chat folders"}
{"level":30,"time":"2025-10-19T13:24:45.203Z","msg":"[app/main] MainSQL: [updateSchema(1480)] success"}
{"level":30,"time":"2025-10-19T13:24:45.218Z","msg":"[app/main] MainSQL: enableFTS5SecureDelete: enabling"}
{"level":30,"time":"2025-10-19T13:24:45.223Z","msg":"[app/main] MainSQL: updateSchema: optimize took 3ms"}
{"level":30,"time":"2025-10-19T13:24:46.103Z","msg":"[app/main] got fast theme-setting value system"}
{"level":30,"time":"2025-10-19T13:24:47.397Z","msg":"[app/main] main window webContents did-finish-load"}
{"level":30,"time":"2025-10-19T13:24:47.397Z","msg":"[app/main] showing main window"}
{"level":30,"time":"2025-10-19T13:24:47.410Z","msg":"[SystemTrayService] System tray service: created"}
{"level":30,"time":"2025-10-19T13:24:47.411Z","msg":"[SystemTrayService] System tray service: updating main window. Previously, there was not a window, and now there is"}
{"level":30,"time":"2025-10-19T13:24:47.411Z","msg":"[SystemTrayService] System tray service: rendering no tray"}
{"level":30,"time":"2025-10-19T13:24:47.411Z","msg":"[app/main] Begin ensuring permissions"}
{"level":30,"time":"2025-10-19T13:24:47.420Z","msg":"[app/main] Ensuring file permissions for 4 files"}
{"level":30,"time":"2025-10-19T13:24:47.425Z","msg":"[app/main] Finish ensuring permissions in 14ms"}
{"level":30,"time":"2025-10-19T13:24:47.513Z","msg":"[attachments] deleteAllBadges: deleted 0 files"}
{"level":30,"time":"2025-10-19T13:24:47.516Z","msg":"[app/main] MainSQL: removeKnownStickers: About to iterate through 0 stickers"}
{"level":30,"time":"2025-10-19T13:24:47.516Z","msg":"[app/main] MainSQL: removeKnownStickers: Done processing 0 stickers"}
{"level":30,"time":"2025-10-19T13:24:47.516Z","msg":"[attachments] deleteAllStickers: deleted 0 files"}
{"level":30,"time":"2025-10-19T13:24:47.518Z","msg":"[app/main] MainSQL: removeKnownDraftAttachments: About to iterate through 0 conversations"}
{"level":30,"time":"2025-10-19T13:24:47.518Z","msg":"[app/main] MainSQL: removeKnownDraftAttachments: Done processing 0 conversations"}
{"level":30,"time":"2025-10-19T13:24:47.518Z","msg":"[attachments] deleteAllDraftAttachments: deleted 0 files"}
{"level":30,"time":"2025-10-19T13:24:47.520Z","msg":"[attachment_channel] cleanupOrphanedAttachments: found 0 attachments on disk"}
{"level":30,"time":"2025-10-19T13:24:47.521Z","msg":"[attachment_channel] cleanupOrphanedAttachments: found 0 downloads on disk"}
{"level":30,"time":"2025-10-19T13:24:47.522Z","msg":"[app/main] MainSQL: getKnownConversationAttachments: About to iterate through 0"}
{"level":30,"time":"2025-10-19T13:24:47.522Z","msg":"[app/main] MainSQL: getKnownConversationAttachments: Done processing"}
{"level":30,"time":"2025-10-19T13:24:47.522Z","msg":"[attachment_channel] cleanupOrphanedAttachments: Got 0 conversation attachments, 0 remain"}
{"level":30,"time":"2025-10-19T13:24:47.523Z","msg":"[attachment_channel] cleanupOrphanedAttachments: found 0 known downloads, 0 remain"}
{"level":30,"time":"2025-10-19T13:24:47.523Z","msg":"[attachment_channel] cleanupOrphanedAttachments: took 13ms"}
{"level":30,"time":"2025-10-19T13:24:47.524Z","msg":"[app/main] MainSQL: pageMessages(794f223b498bee9d): Starting iteration through 0 messages"}
{"level":30,"time":"2025-10-19T13:24:47.577Z","msg":"[app/main] MainSQL: finishPageMessages(794f223b498bee9d): reached the end after processing 0 messages"}
{"level":30,"time":"2025-10-19T13:24:47.578Z","msg":"[attachment_channel] cleanupOrphanedAttachments: 0 attachments and       0 downloads found on disk"}
{"level":30,"time":"2025-10-19T13:24:47.578Z","msg":"[attachments] deleteAll: deleted 0 files"}
{"level":30,"time":"2025-10-19T13:24:47.578Z","msg":"[attachments] deleteAllDownloads: deleted 0 files"}
{"level":30,"time":"2025-10-19T13:24:47.578Z","msg":"[attachment_channel] deleteOrphanedAttachments: took 55ms"}
{"level":50,"time":"2025-10-19T13:24:47.581Z","msg":"[app/main] [updater] Error starting update checks: Error: ENOENT: no such file or directory, watch '/usr/lib/signal-desktop/.signal-postinst'\n    at FSWatcher.<computed> (node:internal/fs/watchers:254:19)\n    at watch (node:fs:2549:36)\n    at initLinux ([REDACTED]/ts/updater/linux.js:93:28)\n    at Object.start ([REDACTED]/ts/updater/index.js:65:32)\n    at IpcMainImpl.readyForUpdates ([REDACTED]/app/main.js:835:19)\n    at Object.onceWrapper (node:events:634:26)\n    at IpcMainImpl.emit (node:events:519:28)\n    at Session.<anonymous> (node:electron/js2c/browser_init:2:106453)\n    at Session.emit (node:events:519:28)"}
{"level":30,"time":"2025-10-19T13:24:47.672Z","msg":"[PreventDisplaySleepService] Prevent display sleep service: allowing display sleep"}
{"level":30,"time":"2025-10-19T13:24:47.948Z","msg":"[createHTTPSAgent] createHTTPSAgent.createConnection(updates2.signal.org): connected to IPv4 addr after 198ms (attempts v4=1 v6=0)"}
{"level":30,"time":"2025-10-19T13:24:47.986Z","msg":"[app/main] Updating BrowserWindow config: {\"maximized\":true,\"autoHideMenuBar\":false,\"fullscreen\":false,\"width\":664,\"height\":718,\"x\":0,\"y\":0}"}
{"level":30,"time":"2025-10-19T13:24:47.986Z","msg":"[base_config] config/set: Saving ephemeral config to disk"}
{"level":30,"time":"2025-10-19T13:24:47.998Z","msg":"[base_config] config/set: Saved ephemeral config to disk"}
{"level":30,"time":"2025-10-19T13:25:33.644Z","msg":"[app/main] close event {\"readyForShutdown\":false,\"shouldQuit\":false}"}
{"level":30,"time":"2025-10-19T13:25:33.645Z","msg":"[app/main] maybeRequestCloseConfirmation: Checking to see if close confirmation is needed"}
{"level":30,"time":"2025-10-19T13:25:33.647Z","msg":"[app/main] maybeRequestCloseConfirmation: Response received"}
{"level":30,"time":"2025-10-19T13:25:33.650Z","msg":"[SystemTrayService] System tray service: rendering no tray"}
{"level":30,"time":"2025-10-19T13:25:33.651Z","msg":"[app/main] requestShutdown: Requesting close of mainWindow..."}
{"level":30,"time":"2025-10-19T13:25:33.677Z","msg":"[app/main] requestShutdown: Response received"}
{"level":30,"time":"2025-10-19T13:25:33.767Z","msg":"[app/main] before-quit event {\"readyForShutdown\":true,\"shouldQuit\":false,\"hasEventBeenPrevented\":false,\"windowCount\":1,\"mainWindowExists\":true,\"mainWindowIsFullScreen\":false}"}
{"level":30,"time":"2025-10-19T13:25:33.767Z","msg":"[SystemTrayService] System tray service: markShouldQuit"}
{"level":30,"time":"2025-10-19T13:25:33.768Z","msg":"[app/main] close event {\"readyForShutdown\":true,\"shouldQuit\":true}"}
{"level":30,"time":"2025-10-19T13:25:33.946Z","msg":"[app/main] main window closed event"}
{"level":30,"time":"2025-10-19T13:25:33.947Z","msg":"[SystemTrayService] System tray service: updating main window. Previously, there was a window, and now there is not"}
{"level":30,"time":"2025-10-19T13:25:33.947Z","msg":"[SystemTrayService] System tray service: rendering no tray"}
{"level":30,"time":"2025-10-19T13:25:33.947Z","msg":"[app/main] will-quit event {\"hasEventBeenPrevented\":false,\"windowCount\":0,\"mainWindowExists\":false}"}
{"level":30,"time":"2025-10-19T13:25:33.948Z","msg":"[app/main] quit event {\"hasEventBeenPrevented\":false,\"windowCount\":0,\"mainWindowExists\":false}"}
{"level":30,"time":"2025-10-19T13:26:36.935Z","msg":"[startup_config] Set Windows Application User Model ID (AUMID) {\"AUMID\":\"org.whispersystems.signal-desktop\"}"}
{"level":30,"time":"2025-10-19T13:26:36.968Z","msg":"[base_config] config/get: Successfully read user config file"}
{"level":30,"time":"2025-10-19T13:26:37.136Z","msg":"[base_config] config/get: Successfully read ephemeral config file"}
{"level":30,"time":"2025-10-19T13:26:37.276Z","msg":"[app/main] making app single instance"}
{"level":30,"time":"2025-10-19T13:26:38.830Z","msg":"[app/main] got fast localeOverride setting null"}
{"level":30,"time":"2025-10-19T13:26:38.832Z","msg":"[app/main] app.ready: hour cycle preference: UnknownPreference"}
{"level":30,"time":"2025-10-19T13:26:38.832Z","msg":"[app/main] app.ready: preferred system locales: [\"en-US\",\"en\"]"}
{"level":30,"time":"2025-10-19T13:26:38.833Z","msg":"[app/main] locale: Supported locales: af-ZA, ar, az-AZ, bg-BG, bn-BD, bs-BA, ca, cs, da, de, el, en, es, et-EE, eu, fa-IR, fi, fr, ga-IE, gl-ES, gu-IN, he, hi-IN, hr-HR, hu, id, it, ja, ka-GE, kk-KZ, km-KH, kn-IN, ko, ky-KG, lt-LT, lv-LV, mk-MK, ml-IN, mr-IN, ms, my, nb, nl, pa-IN, pl, pt-BR, pt-PT, ro-RO, ru, sk-SK, sl-SI, sq-AL, sr, sv, sw, ta-IN, te-IN, th, tl-PH, tr, ug, uk-UA, ur, vi, yue, zh-CN, zh-HK, zh-Hant"}
{"level":30,"time":"2025-10-19T13:26:38.833Z","msg":"[app/main] locale: Preferred locales: en-US, en"}
{"level":30,"time":"2025-10-19T13:26:38.834Z","msg":"[app/main] locale: Locale Override: null"}
{"level":30,"time":"2025-10-19T13:26:38.843Z","msg":"[app/main] locale: Matched locale: en"}
{"level":40,"time":"2025-10-19T13:26:38.927Z","msg":"[setupI18nMain] intl.onWarn [@formatjs/intl] \"defaultRichTextElements\" was specified but \"message\" was not pre-compiled. \nPlease consider using \"@formatjs/cli\" to pre-compile your messages for performance.\nFor more details see https://formatjs.github.io/docs/getting-started/message-distribution"}
{"level":30,"time":"2025-10-19T13:26:38.928Z","msg":"[app/main] locale: Text info direction for en: ltr"}
{"level":30,"time":"2025-10-19T13:26:38.929Z","msg":"[app/main] getSQLKey: using legacy key"}
{"level":30,"time":"2025-10-19T13:26:38.930Z","msg":"[SystemTraySettingCache] getSystemTraySetting got value DoNotUseSystemTray"}
{"level":30,"time":"2025-10-19T13:26:38.930Z","msg":"[SystemTraySettingCache] getSystemTraySetting returning DoNotUseSystemTray"}
{"level":30,"time":"2025-10-19T13:26:38.931Z","msg":"[app/main] app ready"}
{"level":30,"time":"2025-10-19T13:26:38.932Z","msg":"[app/main] starting version 7.75.1"}
{"level":30,"time":"2025-10-19T13:26:38.932Z","msg":"[app/main] media access status [object Undefined] [object Undefined] [object Undefined]"}
{"level":30,"time":"2025-10-19T13:26:38.936Z","msg":"[app/main] got fast theme-setting value system"}
{"level":30,"time":"2025-10-19T13:26:38.957Z","msg":"[app/main] got fast spellcheck setting true"}
{"level":30,"time":"2025-10-19T13:26:38.958Z","msg":"[app/main] got fast theme-setting value system"}
{"level":30,"time":"2025-10-19T13:26:38.958Z","msg":"[app/main] got fast spellcheck setting true"}
{"level":30,"time":"2025-10-19T13:26:38.969Z","msg":"[app/main] visibleOnAnyScreen(window): x=0, y=0, width=664, height=718"}
{"level":30,"time":"2025-10-19T13:26:38.969Z","msg":"[app/main] visibleOnAnyScreen(display #61): x=0, y=0, width=1366, height=768"}
{"level":30,"time":"2025-10-19T13:26:38.969Z","msg":"[app/main] Initializing BrowserWindow config: {\"show\":false,\"width\":664,\"height\":718,\"minWidth\":300,\"minHeight\":200,\"autoHideMenuBar\":false,\"titleBarStyle\":\"default\",\"backgroundColor\":\"#121212\",\"webPreferences\":{\"devTools\":false,\"spellcheck\":true,\"enablePreferredSizeMode\":true,\"nodeIntegration\":false,\"nodeIntegrationInWorker\":false,\"sandbox\":false,\"contextIsolation\":true,\"preload\":\"[REDACTED]/preload.wrapper.js\"},\"icon\":\"[REDACTED]/images/signal-logo-desktop-linux.png\",\"x\":0,\"y\":0}"}
{"level":30,"time":"2025-10-19T13:26:39.122Z","msg":"[spell_check] spellcheck: user locales: [\"en-US\",\"en\"]"}
{"level":30,"time":"2025-10-19T13:26:39.122Z","msg":"[spell_check] spellcheck: available spellchecker languages: [\"af\",\"bg\",\"ca\",\"cs\",\"cy\",\"da\",\"de\",\"de-DE\",\"el\",\"en\",\"en-AU\",\"en-CA\",\"en-GB\",\"en-GB-oxendict\",\"en-US\",\"es\",\"es-419\",\"es-AR\",\"es-ES\",\"es-MX\",\"es-US\",\"et\",\"fa\",\"fo\",\"fr\",\"fr-FR\",\"he\",\"hi\",\"hr\",\"hu\",\"hy\",\"id\",\"it\",\"it-IT\",\"ko\",\"lt\",\"lv\",\"nb\",\"nl\",\"pl\",\"pt\",\"pt-BR\",\"pt-PT\",\"ro\",\"ru\",\"sh\",\"sk\",\"sl\",\"sq\",\"sr\",\"sv\",\"ta\",\"tg\",\"tr\",\"uk\",\"vi\"]"}
{"level":30,"time":"2025-10-19T13:26:39.122Z","msg":"[spell_check] spellcheck: setting languages to: [\"en-US\",\"en\"]"}
{"level":30,"time":"2025-10-19T13:26:39.394Z","msg":"[app/main] spellcheck: dictionary download success: en"}
{"level":30,"time":"2025-10-19T13:26:39.399Z","msg":"[app/main] spellcheck: dictionary initialized: en"}
{"level":30,"time":"2025-10-19T13:26:39.473Z","msg":"[app/main] spellcheck: dictionary download success: en-US"}
{"level":30,"time":"2025-10-19T13:26:39.480Z","msg":"[app/main] spellcheck: dictionary initialized: en-US"}
{"level":30,"time":"2025-10-19T13:26:39.835Z","msg":"[app/main] Updating BrowserWindow config: {\"maximized\":true,\"autoHideMenuBar\":false,\"fullscreen\":false,\"width\":664,\"height\":718,\"x\":0,\"y\":0}"}
{"level":30,"time":"2025-10-19T13:26:39.844Z","msg":"[base_config] config/set: Saving ephemeral config to disk"}
{"level":30,"time":"2025-10-19T13:26:39.865Z","msg":"[base_config] config/set: Saved ephemeral config to disk"}
{"level":30,"time":"2025-10-19T13:26:40.420Z","msg":"[app/main] MainSQL: updateSchema:\n  Current user_version: 1480;\n  Most recent db schema: 1480;\n  SQLite version: 3.50.4;\n  SQLCipher version: 4.10.0 community;\n  (deprecated) schema_version: 567;\n"}
{"level":30,"time":"2025-10-19T13:26:41.317Z","msg":"[app/main] got fast theme-setting value system"}
{"level":30,"time":"2025-10-19T13:26:42.726Z","msg":"[app/main] main window webContents did-finish-load"}
{"level":30,"time":"2025-10-19T13:26:42.727Z","msg":"[app/main] showing main window"}
{"level":30,"time":"2025-10-19T13:26:42.744Z","msg":"[SystemTrayService] System tray service: created"}
{"level":30,"time":"2025-10-19T13:26:42.744Z","msg":"[SystemTrayService] System tray service: updating main window. Previously, there was not a window, and now there is"}
{"level":30,"time":"2025-10-19T13:26:42.744Z","msg":"[SystemTrayService] System tray service: rendering no tray"}
{"level":30,"time":"2025-10-19T13:26:42.745Z","msg":"[app/main] Begin ensuring permissions"}
{"level":30,"time":"2025-10-19T13:26:42.753Z","msg":"[app/main] Ensuring file permissions for 4 files"}
{"level":30,"time":"2025-10-19T13:26:42.758Z","msg":"[app/main] Finish ensuring permissions in 13ms"}
{"level":50,"time":"2025-10-19T13:26:42.842Z","msg":"[app/main] [updater] Error starting update checks: Error: ENOENT: no such file or directory, watch '/usr/lib/signal-desktop/.signal-postinst'\n    at FSWatcher.<computed> (node:internal/fs/watchers:254:19)\n    at watch (node:fs:2549:36)\n    at initLinux ([REDACTED]/ts/updater/linux.js:93:28)\n    at Object.start ([REDACTED]/ts/updater/index.js:65:32)\n    at IpcMainImpl.readyForUpdates ([REDACTED]/app/main.js:835:19)\n    at Object.onceWrapper (node:events:634:26)\n    at IpcMainImpl.emit (node:events:519:28)\n    at Session.<anonymous> (node:electron/js2c/browser_init:2:106453)\n    at Session.emit (node:events:519:28)"}
{"level":30,"time":"2025-10-19T13:26:43.026Z","msg":"[PreventDisplaySleepService] Prevent display sleep service: allowing display sleep"}
{"level":40,"time":"2025-10-19T13:26:43.031Z","msg":"[OptionalResourceService] loaded emoji-index-en.json from disk"}
{"level":30,"time":"2025-10-19T13:26:44.061Z","msg":"[app/main] close event {\"readyForShutdown\":false,\"shouldQuit\":false}"}
{"level":30,"time":"2025-10-19T13:26:44.061Z","msg":"[app/main] maybeRequestCloseConfirmation: Checking to see if close confirmation is needed"}
{"level":30,"time":"2025-10-19T13:26:44.066Z","msg":"[app/main] maybeRequestCloseConfirmation: Response received"}
{"level":30,"time":"2025-10-19T13:26:44.069Z","msg":"[SystemTrayService] System tray service: rendering no tray"}
{"level":30,"time":"2025-10-19T13:26:44.069Z","msg":"[app/main] requestShutdown: Requesting close of mainWindow..."}
{"level":30,"time":"2025-10-19T13:26:44.095Z","msg":"[app/main] requestShutdown: Response received"}
{"level":30,"time":"2025-10-19T13:26:44.168Z","msg":"[app/main] before-quit event {\"readyForShutdown\":true,\"shouldQuit\":false,\"hasEventBeenPrevented\":false,\"windowCount\":1,\"mainWindowExists\":true,\"mainWindowIsFullScreen\":false}"}
{"level":30,"time":"2025-10-19T13:26:44.169Z","msg":"[SystemTrayService] System tray service: markShouldQuit"}
{"level":30,"time":"2025-10-19T13:26:44.169Z","msg":"[app/main] close event {\"readyForShutdown\":true,\"shouldQuit\":true}"}
{"level":30,"time":"2025-10-19T13:26:44.186Z","msg":"[app/main] main window closed event"}
{"level":30,"time":"2025-10-19T13:26:44.187Z","msg":"[SystemTrayService] System tray service: updating main window. Previously, there was a window, and now there is not"}
{"level":30,"time":"2025-10-19T13:26:44.187Z","msg":"[SystemTrayService] System tray service: rendering no tray"}
{"level":30,"time":"2025-10-19T13:26:44.188Z","msg":"[app/main] will-quit event {\"hasEventBeenPrevented\":false,\"windowCount\":0,\"mainWindowExists\":false}"}
{"level":30,"time":"2025-10-19T13:26:44.190Z","msg":"[app/main] quit event {\"hasEventBeenPrevented\":false,\"windowCount\":0,\"mainWindowExists\":false}"}
